Arguments: 
  C:\Program Files\nodejs\node.exe C:\Users\allan\AppData\Roaming\npm\node_modules\yarn\bin\yarn.js add audiowaveform

PATH: 
  C:\Program Files (x86)\Common Files\Intel\Shared Libraries\redist\ia32\compiler;C:\Program Files (x86)\Common Files\Intel\Shared Libraries\redist\intel64\compiler;C:\Python311\Scripts\;C:\Python311\;C:\WINDOWS\system32;C:\WINDOWS;C:\WINDOWS\System32\Wbem;C:\WINDOWS\System32\WindowsPowerShell\v1.0\;C:\WINDOWS\System32\OpenSSH\;C:\Program Files\nodejs\;C:\ProgramData\chocolatey\bin;C:\Users\allan\AppData\Roaming\npm\node_modules\yarn\bin;C:\Program Files (x86)\QuickTime\QTSystem\;C:\Users\allan\AppData\Local\Yarn\bin;C:\FFmpeg\bin;C:\Program Files\Git\cmd;C:\Users\allan\AppData\Local\Microsoft\WindowsApps;C:\Users\allan\AppData\Local\Programs\Microsoft VS Code\bin;C:\Users\allan\AppData\Roaming\npm;C:\Users\allan\AppData\Local\Google\Cloud SDK\google-cloud-sdk\bin;C:\Program Files\heroku\bin

Yarn version: 
  1.22.19

Node version: 
  18.15.0

Platform: 
  win32 x64

Trace: 
  Error: https://registry.yarnpkg.com/audiowaveform: Not found
      at params.callback [as _callback] (C:\Users\allan\AppData\Roaming\npm\node_modules\yarn\lib\cli.js:66145:18)
      at self.callback (C:\Users\allan\AppData\Roaming\npm\node_modules\yarn\lib\cli.js:140890:22)
      at Request.emit (node:events:513:28)
      at Request.<anonymous> (C:\Users\allan\AppData\Roaming\npm\node_modules\yarn\lib\cli.js:141862:10)
      at Request.emit (node:events:513:28)
      at IncomingMessage.<anonymous> (C:\Users\allan\AppData\Roaming\npm\node_modules\yarn\lib\cli.js:141784:12)
      at Object.onceWrapper (node:events:627:28)
      at IncomingMessage.emit (node:events:525:35)
      at endReadableNT (node:internal/streams/readable:1359:12)
      at process.processTicksAndRejections (node:internal/process/task_queues:82:21)

npm manifest: 
  {
  	"name": "portfoliov2",
  	"description": "my personal work portfolio",
  	"version": "0.1.0",
  	"license": "MIT",
  	"env": {
  		"NPM_CONFIG_PRODUCTION": {
  			"description": "Set to false to install devDependencies",
  			"value": "true"
  		}
  	},
  	"scripts": {
  		"start": "node backend/server.js",
  		"build": "cd frontend && yarn install && yarn build"
  	},
  	"engines": {
  		"node": "^18.15.0"
  	},
  	"devDependencies": {
  		"yarn": "^1.22.19"
  	}
  }

yarn manifest: 
  No manifest

Lockfile: 
  # THIS IS AN AUTOGENERATED FILE. DO NOT EDIT THIS FILE DIRECTLY.
  # yarn lockfile v1
  
  
  yarn@^1.22.19:
    version "1.22.19"
    resolved "https://registry.yarnpkg.com/yarn/-/yarn-1.22.19.tgz#4ba7fc5c6e704fce2066ecbfb0b0d8976fe62447"
    integrity sha512-/0V5q0WbslqnwP91tirOvldvYISzaqhClxzyUKXYxs07yUILIs5jx/k6CFe8bvKSkds5w+eiOqta39Wk3WxdcQ==
